[35m[Appium][39m Welcome to Appium v1.15.1
[35m[Appium][39m Non-default server args:
[35m[Appium][39m   port: 63322
[35m[Appium][39m   loglevel: info
[35m[Appium][39m   chromeDriverPort: 63323
[35m[Appium][39m   tmpDir: /var/folders/5x/xgrvn9_j439fxnt_sf6vk2sw0000gq/T//Katalon/Appium/Temp1583307378405
[35m[Appium][39m Appium REST http interface listener started on 0.0.0.0:63322
[35m[HTTP][39m [37m-->[39m [37mGET[39m [37m/wd/hub/status[39m
[35m[HTTP][39m [90m{}[39m
[35m[HTTP][39m [37m<-- GET /wd/hub/status [39m[32m200[39m [90m10 ms - 68[39m
[35m[HTTP][39m [90m[39m
[35m[HTTP][39m [37m-->[39m [37mGET[39m [37m/wd/hub/status[39m
[35m[HTTP][39m [90m{}[39m
[35m[HTTP][39m [37m<-- GET /wd/hub/status [39m[32m200[39m [90m2 ms - 68[39m
[35m[HTTP][39m [90m[39m
[35m[HTTP][39m [37m-->[39m [37mPOST[39m [37m/wd/hub/session[39m
[35m[HTTP][39m [90m{"desiredCapabilities":{"appActivity":".Settings","appPackage":"com.android.settings","newCommandTimeout":1800,"platformVersion":"9","automationName":"uiautomator2","autoGrantPermissions":true,"platformName":"Android","udid":"emulator-5554","deviceName":"emulator-5554 (AOSP on IA Emulator - Android 9)","platform":"ANDROID","systemPort":8229},"capabilities":{"firstMatch":[{"appium:appActivity":".Settings","appium:appPackage":"com.android.settings","appium:autoGrantPermissions":true,"appium:automationName":"uiautomator2","appium:deviceName":"emulator-5554 (AOSP on IA Emulator - Android 9)","appium:newCommandTimeout":1800,"platform":"ANDROID","platformName":"android","appium:platformVersion":"9","appium:systemPort":8229,"appium:udid":"emulator-5554"}]}}[39m
[35m[BaseDriver][39m The capabilities ["platform"] are not standard capabilities and should have an extension prefix
[35m[Appium][39m Appium v1.15.1 creating new AndroidUiautomator2Driver (v1.37.2) session
[35m[BaseDriver][39m The following capabilities were provided, but are not recognized by Appium:
[35m[BaseDriver][39m   platform
[35m[BaseDriver][39m Session created with session id: 210726cd-4284-4ff3-be68-2a1989198c24
[35m[UiAutomator2][39m Starting 'com.android.settings' directly on the device
[35m[ADB][39m Found 1 'build-tools' folders under '/Users/bambangtripamungkas/.katalon/tools/android_sdk' (newest first):
[35m[ADB][39m     /Users/bambangtripamungkas/.katalon/tools/android_sdk/build-tools/29.0.2
[35m[ADB][39m Using 'adb' from '/Users/bambangtripamungkas/.katalon/tools/android_sdk/platform-tools/adb'
[35m[AndroidDriver][39m Retrieving device list
[35m[AndroidDriver][39m Using device: emulator-5554
[35m[ADB][39m Using 'adb' from '/Users/bambangtripamungkas/.katalon/tools/android_sdk/platform-tools/adb'
[35m[UiAutomator2][39m Relaxing hidden api policy
[35m[AndroidDriver][39m No app sent in, not parsing package/activity
[35m[ADB][39m Cannot extract apk info using apkanalyzer. Falling back to aapt. Original error: Could not find 'apkanalyzer' in ["/Users/bambangtripamungkas/.katalon/tools/android_sdk/platform-tools/apkanalyzer","/Users/bambangtripamungkas/.katalon/tools/android_sdk/emulator/apkanalyzer","/Users/bambangtripamungkas/.katalon/tools/android_sdk/tools/apkanalyzer","/Users/bambangtripamungkas/.katalon/tools/android_sdk/tools/bin/apkanalyzer","/Users/bambangtripamungkas/.katalon/tools/android_sdk/build-tools/29.0.2/apkanalyzer"]. Do you have Android Build Tools installed at '/Users/bambangtripamungkas/.katalon/tools/android_sdk'?
[35m[ADB][39m Using 'aapt' from '/Users/bambangtripamungkas/.katalon/tools/android_sdk/build-tools/29.0.2/aapt'
[35m[ADB][39m Cannot extract apk info using apkanalyzer. Falling back to aapt. Original error: Could not find 'apkanalyzer' in ["/Users/bambangtripamungkas/.katalon/tools/android_sdk/platform-tools/apkanalyzer","/Users/bambangtripamungkas/.katalon/tools/android_sdk/emulator/apkanalyzer","/Users/bambangtripamungkas/.katalon/tools/android_sdk/tools/apkanalyzer","/Users/bambangtripamungkas/.katalon/tools/android_sdk/tools/bin/apkanalyzer","/Users/bambangtripamungkas/.katalon/tools/android_sdk/build-tools/29.0.2/apkanalyzer"]. Do you have Android Build Tools installed at '/Users/bambangtripamungkas/.katalon/tools/android_sdk'?
[35m[ADB][39m Using 'apksigner' from '/Users/bambangtripamungkas/.katalon/tools/android_sdk/build-tools/29.0.2/apksigner'
[35m[UiAutomator2][39m Server packages are not going to be (re)installed
[35m[ADB][39m com.android.settings contains no permissions available for granting
[35m[UiAutomator2][39m Starting UIAutomator2 server 4.3.0
[35m[UiAutomator2][39m Using UIAutomator2 server from '/usr/local/lib/node_modules/appium/node_modules/appium-uiautomator2-server/apks/appium-uiautomator2-server-v4.3.0.apk' and test from '/usr/local/lib/node_modules/appium/node_modules/appium-uiautomator2-server/apks/appium-uiautomator2-server-debug-androidTest.apk'
[35m[UiAutomator2][39m Waiting up to 30000ms for UiAutomator2 to be online...
[35m[WD Proxy][39m Got an unexpected response with status undefined: {"code":"ECONNRESET"}
[35m[WD Proxy][39m Got an unexpected response with status undefined: {"code":"ECONNRESET"}
[35m[WD Proxy][39m Determined the downstream protocol as 'W3C'
[35m[AndroidDriver][39m Screen already unlocked, doing nothing
[35m[UiAutomator2][39m Starting 'com.android.settings/.Settings and waiting for 'com.android.settings/.Settings'
[35m[Appium][39m New AndroidUiautomator2Driver session created successfully, session 210726cd-4284-4ff3-be68-2a1989198c24 added to master session list
[35m[HTTP][39m [37m<-- POST /wd/hub/session [39m[32m200[39m [90m10139 ms - 1142[39m
[35m[HTTP][39m [90m[39m
[35m[HTTP][39m [37m-->[39m [37mGET[39m [37m/wd/hub/session/210726cd-4284-4ff3-be68-2a1989198c24[39m
[35m[HTTP][39m [90m{}[39m
[35m[HTTP][39m [37m<-- GET /wd/hub/session/210726cd-4284-4ff3-be68-2a1989198c24 [39m[32m200[39m [90m149 ms - 1074[39m
[35m[HTTP][39m [90m[39m
[35m[HTTP][39m [37m-->[39m [37mGET[39m [37m/wd/hub/session/210726cd-4284-4ff3-be68-2a1989198c24[39m
[35m[HTTP][39m [90m{}[39m
[35m[HTTP][39m [37m<-- GET /wd/hub/session/210726cd-4284-4ff3-be68-2a1989198c24 [39m[32m200[39m [90m124 ms - 1074[39m
[35m[HTTP][39m [90m[39m
[35m[HTTP][39m [37m-->[39m [37mGET[39m [37m/wd/hub/status[39m
[35m[HTTP][39m [90m{}[39m
[35m[HTTP][39m [37m<-- GET /wd/hub/status [39m[32m200[39m [90m1 ms - 68[39m
[35m[HTTP][39m [90m[39m
[35m[HTTP][39m [37m-->[39m [37mPOST[39m [37m/wd/hub/session/210726cd-4284-4ff3-be68-2a1989198c24/timeouts[39m
[35m[HTTP][39m [90m{"implicit":60000}[39m
[35m[HTTP][39m [37m<-- POST /wd/hub/session/210726cd-4284-4ff3-be68-2a1989198c24/timeouts [39m[32m200[39m [90m10 ms - 14[39m
[35m[HTTP][39m [90m[39m
[35m[HTTP][39m [37m-->[39m [37mPOST[39m [37m/wd/hub/session/210726cd-4284-4ff3-be68-2a1989198c24/appium/device/activate_app[39m
[35m[HTTP][39m [90m{"bundleId":"com.kfc.mobile.hkStaging"}[39m
[35m[HTTP][39m [37m<-- POST /wd/hub/session/210726cd-4284-4ff3-be68-2a1989198c24/appium/device/activate_app [39m[32m200[39m [90m1973 ms - 14[39m
[35m[HTTP][39m [90m[39m
[35m[HTTP][39m [37m-->[39m [37mGET[39m [37m/wd/hub/session/210726cd-4284-4ff3-be68-2a1989198c24/source[39m
[35m[HTTP][39m [90m{}[39m
[35m[W3C (210726cd)][39m Driver proxy active, passing request on via HTTP proxy
[35m[WD Proxy][39m Replacing sessionId 98882746-afcd-47c7-97c2-63ea76f142cd with 210726cd-4284-4ff3-be68-2a1989198c24
[35m[HTTP][39m [37m<-- GET /wd/hub/session/210726cd-4284-4ff3-be68-2a1989198c24/source [39m[32m200[39m [90m682 ms - 3706[39m
[35m[HTTP][39m [90m[39m
[35m[HTTP][39m [37m-->[39m [37mGET[39m [37m/wd/hub/session/210726cd-4284-4ff3-be68-2a1989198c24/screenshot[39m
[35m[HTTP][39m [90m{}[39m
[35m[HTTP][39m [37m<-- GET /wd/hub/session/210726cd-4284-4ff3-be68-2a1989198c24/screenshot [39m[32m200[39m [90m865 ms - 122120[39m
[35m[HTTP][39m [90m[39m
[35m[HTTP][39m [37m-->[39m [37mDELETE[39m [37m/wd/hub/session/210726cd-4284-4ff3-be68-2a1989198c24[39m
[35m[HTTP][39m [90m{}[39m
[35m[Appium][39m Removing session 210726cd-4284-4ff3-be68-2a1989198c24 from our master session list
[35m[WD Proxy][39m Got an unexpected response with status undefined: {"code":"ECONNRESET"}
[35m[UiAutomator2][39m Did not get confirmation UiAutomator2 deleteSession worked; Error was: UnknownError: An unknown server-side error occurred while processing the command. Original error: Could not proxy command to remote server. Original error: Error: socket hang up
[35m[UiAutomator2][39m Restoring hidden api policy to the device default configuration
[35m[HTTP][39m [37m<-- DELETE /wd/hub/session/210726cd-4284-4ff3-be68-2a1989198c24 [39m[32m200[39m [90m375 ms - 14[39m
[35m[HTTP][39m [90m[39m
